Calling target program-options parser
[16:22:27.265] [bmv2] [D] [thread 6746] Set default default entry for table 'tbl_batch246': batch246 - 
[16:22:27.265] [bmv2] [D] [thread 6746] Set default default entry for table 'tbl_add_dpint_header': DpintIngress.add_dpint_header - 
[16:22:27.265] [bmv2] [D] [thread 6746] Set default default entry for table 'tbl_batch256': batch256 - 
[16:22:27.265] [bmv2] [D] [thread 6746] Set default default entry for table 'tbl_batch259': batch259 - 
[16:22:27.265] [bmv2] [D] [thread 6746] Set default default entry for table 'tbl_batch265': batch265 - 
[16:22:27.265] [bmv2] [D] [thread 6746] Set default default entry for table 'DpintIngress.ctl_source_control.tbl_determine_task': NoAction - 
[16:22:27.265] [bmv2] [D] [thread 6746] Set default default entry for table 'DpintIngress.tbl_forward': NoAction - 
[16:22:27.265] [bmv2] [D] [thread 6746] Set default default entry for table 'DpintIngress.tbl_ttl_rules': NoAction - 
[16:22:27.265] [bmv2] [D] [thread 6746] Set default default entry for table 'tbl_batch275': batch275 - 
[16:22:27.265] [bmv2] [D] [thread 6746] Set default default entry for table 'DpintIngress.ctl_DpintControl.tbl_do_telemetry_level_0': NoAction - 
Adding interface s1-eth1 as port 1
[16:22:27.266] [bmv2] [D] [thread 6746] Adding interface s1-eth1 as port 1
Adding interface s1-eth2 as port 2
[16:22:27.325] [bmv2] [D] [thread 6746] Adding interface s1-eth2 as port 2
Adding interface s1-eth3 as port 3
[16:22:27.401] [bmv2] [D] [thread 6746] Adding interface s1-eth3 as port 3
[16:22:27.457] [bmv2] [I] [thread 6746] Starting Thrift server on port 9091
[16:22:27.457] [bmv2] [I] [thread 6746] Thrift server was started
[16:22:27.577] [bmv2] [D] [thread 6752] [0.0] [cxt 0] Processing packet received on port 2
[16:22:27.577] [bmv2] [D] [thread 6752] [0.0] [cxt 0] Parser 'parser': start
[16:22:27.577] [bmv2] [D] [thread 6752] [0.0] [cxt 0] Parser 'parser' entering state 'start'
[16:22:27.577] [bmv2] [D] [thread 6752] [0.0] [cxt 0] Extracting header 'ethernet'
[16:22:27.577] [bmv2] [D] [thread 6752] [0.0] [cxt 0] Parser state 'start': key is 86dd
[16:22:27.577] [bmv2] [T] [thread 6752] [0.0] [cxt 0] Bytes parsed: 14
[16:22:27.577] [bmv2] [D] [thread 6752] [0.0] [cxt 0] Parser 'parser': end
[16:22:27.577] [bmv2] [D] [thread 6752] [0.0] [cxt 0] Pipeline 'ingress': start
[16:22:27.577] [bmv2] [T] [thread 6752] [0.0] [cxt 0] Applying table 'tbl_batch246'
[16:22:27.577] [bmv2] [D] [thread 6752] [0.0] [cxt 0] Looking up key:

[16:22:27.577] [bmv2] [D] [thread 6752] [0.0] [cxt 0] Table 'tbl_batch246': miss
[16:22:27.577] [bmv2] [D] [thread 6752] [0.0] [cxt 0] Action entry is batch246 - 
[16:22:27.577] [bmv2] [T] [thread 6752] [0.0] [cxt 0] Action batch246
[16:22:27.577] [bmv2] [T] [thread 6752] [0.0] [cxt 0] /home/p4/pint/p4src/batch.p4(246) Primitive hash(dp_meta.flow_ID, HashAlgorithm.crc16, (bit<1>)0, {hdr.ipv4.srcAddr,hdr.ipv4.dstAddr,hdr.ipv4.protocol},(bit<48>)65535)
[16:22:27.577] [bmv2] [T] [thread 6752] [0.0] [cxt 0] hash(base=0, max=65535) = 0
[16:22:27.577] [bmv2] [T] [thread 6752] [0.0] [cxt 0] /home/p4/pint/p4src/batch.p4(245) Primitive 256 - (bit<32>)hdr.ipv4.ttl
[16:22:27.577] [bmv2] [T] [thread 6752] [0.0] [cxt 0] /home/p4/pint/p4src/batch.p4(247) Primitive hash(dp_meta.global_hash,HashAlgorithm.crc32,(bit<1>)0,{hdr.ipv4.srcAddr,hdr.ipv4.identification,hdr.ipv4.dstAddr,diff},(bit<48>)100000)
[16:22:27.577] [bmv2] [T] [thread 6752] [0.0] [cxt 0] hash(base=0, max=100000) = 11037
[16:22:27.577] [bmv2] [T] [thread 6752] [0.0] [cxt 0] /home/p4/pint/p4src/batch.p4(249) Primitive hash(new_decider_hash,HashAlgorithm.crc32,(bit<1>)0,{hdr.ipv4.srcAddr,hdr.ipv4.dstAddr,hdr.ipv4.identification},(bit<32>)100)
[16:22:27.577] [bmv2] [T] [thread 6752] [0.0] [cxt 0] hash(base=0, max=100) = 0
[16:22:27.577] [bmv2] [T] [thread 6752] [0.0] [cxt 0] /home/p4/pint/p4src/batch.p4(250) Condition "hdr.ipv4.isValid()" (node_3) is false
[16:22:27.577] [bmv2] [T] [thread 6752] [0.0] [cxt 0] Applying table 'DpintIngress.tbl_forward'
[16:22:27.577] [bmv2] [D] [thread 6752] [0.0] [cxt 0] Looking up key:
* hdr.ipv4.dstAddr    : 00000000

[16:22:27.577] [bmv2] [D] [thread 6752] [0.0] [cxt 0] Table 'DpintIngress.tbl_forward': miss
[16:22:27.577] [bmv2] [D] [thread 6752] [0.0] [cxt 0] Action entry is NoAction - 
[16:22:27.577] [bmv2] [T] [thread 6752] [0.0] [cxt 0] Action NoAction
[16:22:27.577] [bmv2] [T] [thread 6752] [0.0] [cxt 0] Applying table 'DpintIngress.tbl_ttl_rules'
[16:22:27.577] [bmv2] [D] [thread 6752] [0.0] [cxt 0] Looking up key:
* hdr.dpint.hop       : 0000

[16:22:27.577] [bmv2] [D] [thread 6752] [0.0] [cxt 0] Table 'DpintIngress.tbl_ttl_rules': miss
[16:22:27.577] [bmv2] [D] [thread 6752] [0.0] [cxt 0] Action entry is NoAction - 
[16:22:27.577] [bmv2] [T] [thread 6752] [0.0] [cxt 0] Action NoAction
[16:22:27.577] [bmv2] [T] [thread 6752] [0.0] [cxt 0] /home/p4/pint/p4src/batch.p4(274) Condition "dp_meta.global_hash < dp_meta.approximation" (node_13) is false
[16:22:27.577] [bmv2] [T] [thread 6752] [0.0] [cxt 0] Applying table 'DpintIngress.ctl_DpintControl.tbl_do_telemetry_level_0'
[16:22:27.577] [bmv2] [D] [thread 6752] [0.0] [cxt 0] Looking up key:
* hdr.dpint.task      : 0000

[16:22:27.577] [bmv2] [D] [thread 6752] [0.0] [cxt 0] Table 'DpintIngress.ctl_DpintControl.tbl_do_telemetry_level_0': miss
[16:22:27.577] [bmv2] [D] [thread 6752] [0.0] [cxt 0] Action entry is NoAction - 
[16:22:27.577] [bmv2] [T] [thread 6752] [0.0] [cxt 0] Action NoAction
[16:22:27.577] [bmv2] [D] [thread 6752] [0.0] [cxt 0] Pipeline 'ingress': end
[16:22:27.577] [bmv2] [D] [thread 6752] [0.0] [cxt 0] Egress port is 0
[16:22:27.577] [bmv2] [D] [thread 6753] [0.0] [cxt 0] Pipeline 'egress': start
[16:22:27.577] [bmv2] [D] [thread 6753] [0.0] [cxt 0] Pipeline 'egress': end
[16:22:27.577] [bmv2] [D] [thread 6753] [0.0] [cxt 0] Deparser 'deparser': start
[16:22:27.577] [bmv2] [T] [thread 6753] [0.0] [cxt 0] Skipping checksum 'cksum' update because condition not met
[16:22:27.577] [bmv2] [D] [thread 6753] [0.0] [cxt 0] Deparsing header 'ethernet'
[16:22:27.577] [bmv2] [D] [thread 6753] [0.0] [cxt 0] Deparser 'deparser': end
[16:22:27.577] [bmv2] [D] [thread 6757] [0.0] [cxt 0] Transmitting packet of size 90 out of port 0
[16:22:27.613] [bmv2] [D] [thread 6752] [1.0] [cxt 0] Processing packet received on port 3
[16:22:27.613] [bmv2] [D] [thread 6752] [1.0] [cxt 0] Parser 'parser': start
[16:22:27.613] [bmv2] [D] [thread 6752] [1.0] [cxt 0] Parser 'parser' entering state 'start'
[16:22:27.613] [bmv2] [D] [thread 6752] [1.0] [cxt 0] Extracting header 'ethernet'
[16:22:27.613] [bmv2] [D] [thread 6752] [1.0] [cxt 0] Parser state 'start': key is 86dd
[16:22:27.613] [bmv2] [T] [thread 6752] [1.0] [cxt 0] Bytes parsed: 14
[16:22:27.613] [bmv2] [D] [thread 6752] [1.0] [cxt 0] Parser 'parser': end
[16:22:27.613] [bmv2] [D] [thread 6752] [1.0] [cxt 0] Pipeline 'ingress': start
[16:22:27.613] [bmv2] [T] [thread 6752] [1.0] [cxt 0] Applying table 'tbl_batch246'
[16:22:27.613] [bmv2] [D] [thread 6752] [1.0] [cxt 0] Looking up key:

[16:22:27.613] [bmv2] [D] [thread 6752] [1.0] [cxt 0] Table 'tbl_batch246': miss
[16:22:27.613] [bmv2] [D] [thread 6752] [1.0] [cxt 0] Action entry is batch246 - 
[16:22:27.613] [bmv2] [T] [thread 6752] [1.0] [cxt 0] Action batch246
[16:22:27.613] [bmv2] [T] [thread 6752] [1.0] [cxt 0] /home/p4/pint/p4src/batch.p4(246) Primitive hash(dp_meta.flow_ID, HashAlgorithm.crc16, (bit<1>)0, {hdr.ipv4.srcAddr,hdr.ipv4.dstAddr,hdr.ipv4.protocol},(bit<48>)65535)
[16:22:27.613] [bmv2] [T] [thread 6752] [1.0] [cxt 0] hash(base=0, max=65535) = 0
[16:22:27.613] [bmv2] [T] [thread 6752] [1.0] [cxt 0] /home/p4/pint/p4src/batch.p4(245) Primitive 256 - (bit<32>)hdr.ipv4.ttl
[16:22:27.613] [bmv2] [T] [thread 6752] [1.0] [cxt 0] /home/p4/pint/p4src/batch.p4(247) Primitive hash(dp_meta.global_hash,HashAlgorithm.crc32,(bit<1>)0,{hdr.ipv4.srcAddr,hdr.ipv4.identification,hdr.ipv4.dstAddr,diff},(bit<48>)100000)
[16:22:27.613] [bmv2] [T] [thread 6752] [1.0] [cxt 0] hash(base=0, max=100000) = 11037
[16:22:27.613] [bmv2] [T] [thread 6752] [1.0] [cxt 0] /home/p4/pint/p4src/batch.p4(249) Primitive hash(new_decider_hash,HashAlgorithm.crc32,(bit<1>)0,{hdr.ipv4.srcAddr,hdr.ipv4.dstAddr,hdr.ipv4.identification},(bit<32>)100)
[16:22:27.613] [bmv2] [T] [thread 6752] [1.0] [cxt 0] hash(base=0, max=100) = 0
[16:22:27.613] [bmv2] [T] [thread 6752] [1.0] [cxt 0] /home/p4/pint/p4src/batch.p4(250) Condition "hdr.ipv4.isValid()" (node_3) is false
[16:22:27.613] [bmv2] [T] [thread 6752] [1.0] [cxt 0] Applying table 'DpintIngress.tbl_forward'
[16:22:27.613] [bmv2] [D] [thread 6752] [1.0] [cxt 0] Looking up key:
* hdr.ipv4.dstAddr    : 00000000

[16:22:27.613] [bmv2] [D] [thread 6752] [1.0] [cxt 0] Table 'DpintIngress.tbl_forward': miss
[16:22:27.613] [bmv2] [D] [thread 6752] [1.0] [cxt 0] Action entry is NoAction - 
[16:22:27.613] [bmv2] [T] [thread 6752] [1.0] [cxt 0] Action NoAction
[16:22:27.613] [bmv2] [T] [thread 6752] [1.0] [cxt 0] Applying table 'DpintIngress.tbl_ttl_rules'
[16:22:27.614] [bmv2] [D] [thread 6752] [1.0] [cxt 0] Looking up key:
* hdr.dpint.hop       : 0000

[16:22:27.614] [bmv2] [D] [thread 6752] [1.0] [cxt 0] Table 'DpintIngress.tbl_ttl_rules': miss
[16:22:27.614] [bmv2] [D] [thread 6752] [1.0] [cxt 0] Action entry is NoAction - 
[16:22:27.614] [bmv2] [T] [thread 6752] [1.0] [cxt 0] Action NoAction
[16:22:27.614] [bmv2] [T] [thread 6752] [1.0] [cxt 0] /home/p4/pint/p4src/batch.p4(274) Condition "dp_meta.global_hash < dp_meta.approximation" (node_13) is false
[16:22:27.614] [bmv2] [T] [thread 6752] [1.0] [cxt 0] Applying table 'DpintIngress.ctl_DpintControl.tbl_do_telemetry_level_0'
[16:22:27.614] [bmv2] [D] [thread 6752] [1.0] [cxt 0] Looking up key:
* hdr.dpint.task      : 0000

[16:22:27.614] [bmv2] [D] [thread 6752] [1.0] [cxt 0] Table 'DpintIngress.ctl_DpintControl.tbl_do_telemetry_level_0': miss
[16:22:27.614] [bmv2] [D] [thread 6752] [1.0] [cxt 0] Action entry is NoAction - 
[16:22:27.614] [bmv2] [T] [thread 6752] [1.0] [cxt 0] Action NoAction
[16:22:27.614] [bmv2] [D] [thread 6752] [1.0] [cxt 0] Pipeline 'ingress': end
[16:22:27.614] [bmv2] [D] [thread 6752] [1.0] [cxt 0] Egress port is 0
[16:22:27.614] [bmv2] [D] [thread 6753] [1.0] [cxt 0] Pipeline 'egress': start
[16:22:27.614] [bmv2] [D] [thread 6753] [1.0] [cxt 0] Pipeline 'egress': end
[16:22:27.614] [bmv2] [D] [thread 6753] [1.0] [cxt 0] Deparser 'deparser': start
[16:22:27.614] [bmv2] [T] [thread 6753] [1.0] [cxt 0] Skipping checksum 'cksum' update because condition not met
[16:22:27.614] [bmv2] [D] [thread 6753] [1.0] [cxt 0] Deparsing header 'ethernet'
[16:22:27.614] [bmv2] [D] [thread 6753] [1.0] [cxt 0] Deparser 'deparser': end
[16:22:27.614] [bmv2] [D] [thread 6757] [1.0] [cxt 0] Transmitting packet of size 90 out of port 0
[16:22:27.645] [bmv2] [D] [thread 6752] [2.0] [cxt 0] Processing packet received on port 1
[16:22:27.645] [bmv2] [D] [thread 6752] [2.0] [cxt 0] Parser 'parser': start
[16:22:27.645] [bmv2] [D] [thread 6752] [2.0] [cxt 0] Parser 'parser' entering state 'start'
[16:22:27.645] [bmv2] [D] [thread 6752] [2.0] [cxt 0] Extracting header 'ethernet'
[16:22:27.645] [bmv2] [D] [thread 6752] [2.0] [cxt 0] Parser state 'start': key is 86dd
[16:22:27.645] [bmv2] [T] [thread 6752] [2.0] [cxt 0] Bytes parsed: 14
[16:22:27.645] [bmv2] [D] [thread 6752] [2.0] [cxt 0] Parser 'parser': end
[16:22:27.645] [bmv2] [D] [thread 6752] [2.0] [cxt 0] Pipeline 'ingress': start
[16:22:27.645] [bmv2] [T] [thread 6752] [2.0] [cxt 0] Applying table 'tbl_batch246'
[16:22:27.645] [bmv2] [D] [thread 6752] [2.0] [cxt 0] Looking up key:

[16:22:27.645] [bmv2] [D] [thread 6752] [2.0] [cxt 0] Table 'tbl_batch246': miss
[16:22:27.645] [bmv2] [D] [thread 6752] [2.0] [cxt 0] Action entry is batch246 - 
[16:22:27.645] [bmv2] [T] [thread 6752] [2.0] [cxt 0] Action batch246
[16:22:27.645] [bmv2] [T] [thread 6752] [2.0] [cxt 0] /home/p4/pint/p4src/batch.p4(246) Primitive hash(dp_meta.flow_ID, HashAlgorithm.crc16, (bit<1>)0, {hdr.ipv4.srcAddr,hdr.ipv4.dstAddr,hdr.ipv4.protocol},(bit<48>)65535)
[16:22:27.645] [bmv2] [T] [thread 6752] [2.0] [cxt 0] hash(base=0, max=65535) = 0
[16:22:27.645] [bmv2] [T] [thread 6752] [2.0] [cxt 0] /home/p4/pint/p4src/batch.p4(245) Primitive 256 - (bit<32>)hdr.ipv4.ttl
[16:22:27.645] [bmv2] [T] [thread 6752] [2.0] [cxt 0] /home/p4/pint/p4src/batch.p4(247) Primitive hash(dp_meta.global_hash,HashAlgorithm.crc32,(bit<1>)0,{hdr.ipv4.srcAddr,hdr.ipv4.identification,hdr.ipv4.dstAddr,diff},(bit<48>)100000)
[16:22:27.645] [bmv2] [T] [thread 6752] [2.0] [cxt 0] hash(base=0, max=100000) = 11037
[16:22:27.645] [bmv2] [T] [thread 6752] [2.0] [cxt 0] /home/p4/pint/p4src/batch.p4(249) Primitive hash(new_decider_hash,HashAlgorithm.crc32,(bit<1>)0,{hdr.ipv4.srcAddr,hdr.ipv4.dstAddr,hdr.ipv4.identification},(bit<32>)100)
[16:22:27.645] [bmv2] [T] [thread 6752] [2.0] [cxt 0] hash(base=0, max=100) = 0
[16:22:27.645] [bmv2] [T] [thread 6752] [2.0] [cxt 0] /home/p4/pint/p4src/batch.p4(250) Condition "hdr.ipv4.isValid()" (node_3) is false
[16:22:27.645] [bmv2] [T] [thread 6752] [2.0] [cxt 0] Applying table 'DpintIngress.tbl_forward'
[16:22:27.645] [bmv2] [D] [thread 6752] [2.0] [cxt 0] Looking up key:
* hdr.ipv4.dstAddr    : 00000000

[16:22:27.645] [bmv2] [D] [thread 6752] [2.0] [cxt 0] Table 'DpintIngress.tbl_forward': miss
[16:22:27.645] [bmv2] [D] [thread 6752] [2.0] [cxt 0] Action entry is NoAction - 
[16:22:27.645] [bmv2] [T] [thread 6752] [2.0] [cxt 0] Action NoAction
[16:22:27.645] [bmv2] [T] [thread 6752] [2.0] [cxt 0] Applying table 'DpintIngress.tbl_ttl_rules'
[16:22:27.645] [bmv2] [D] [thread 6752] [2.0] [cxt 0] Looking up key:
* hdr.dpint.hop       : 0000

[16:22:27.645] [bmv2] [D] [thread 6752] [2.0] [cxt 0] Table 'DpintIngress.tbl_ttl_rules': miss
[16:22:27.645] [bmv2] [D] [thread 6752] [2.0] [cxt 0] Action entry is NoAction - 
[16:22:27.645] [bmv2] [T] [thread 6752] [2.0] [cxt 0] Action NoAction
[16:22:27.645] [bmv2] [T] [thread 6752] [2.0] [cxt 0] /home/p4/pint/p4src/batch.p4(274) Condition "dp_meta.global_hash < dp_meta.approximation" (node_13) is false
[16:22:27.645] [bmv2] [T] [thread 6752] [2.0] [cxt 0] Applying table 'DpintIngress.ctl_DpintControl.tbl_do_telemetry_level_0'
[16:22:27.645] [bmv2] [D] [thread 6752] [2.0] [cxt 0] Looking up key:
* hdr.dpint.task      : 0000

[16:22:27.645] [bmv2] [D] [thread 6752] [2.0] [cxt 0] Table 'DpintIngress.ctl_DpintControl.tbl_do_telemetry_level_0': miss
[16:22:27.645] [bmv2] [D] [thread 6752] [2.0] [cxt 0] Action entry is NoAction - 
[16:22:27.645] [bmv2] [T] [thread 6752] [2.0] [cxt 0] Action NoAction
[16:22:27.645] [bmv2] [D] [thread 6752] [2.0] [cxt 0] Pipeline 'ingress': end
[16:22:27.645] [bmv2] [D] [thread 6752] [2.0] [cxt 0] Egress port is 0
[16:22:27.645] [bmv2] [D] [thread 6753] [2.0] [cxt 0] Pipeline 'egress': start
[16:22:27.645] [bmv2] [D] [thread 6753] [2.0] [cxt 0] Pipeline 'egress': end
[16:22:27.645] [bmv2] [D] [thread 6753] [2.0] [cxt 0] Deparser 'deparser': start
[16:22:27.645] [bmv2] [T] [thread 6753] [2.0] [cxt 0] Skipping checksum 'cksum' update because condition not met
[16:22:27.645] [bmv2] [D] [thread 6753] [2.0] [cxt 0] Deparsing header 'ethernet'
[16:22:27.645] [bmv2] [D] [thread 6753] [2.0] [cxt 0] Deparser 'deparser': end
[16:22:27.645] [bmv2] [D] [thread 6757] [2.0] [cxt 0] Transmitting packet of size 86 out of port 0
[16:22:27.839] [bmv2] [T] [thread 6818] bm_get_config
[16:22:27.841] [bmv2] [T] [thread 6818] bm_mt_clear_entries
[16:22:27.841] [bmv2] [T] [thread 6818] bm_mt_clear_entries
[16:22:27.841] [bmv2] [T] [thread 6818] bm_mt_clear_entries
[16:22:27.841] [bmv2] [T] [thread 6818] bm_mt_clear_entries
[16:22:27.841] [bmv2] [T] [thread 6818] bm_table_add_entry
[16:22:27.841] [bmv2] [D] [thread 6818] Entry 0 added to table 'DpintIngress.ctl_DpintControl.tbl_do_telemetry_level_0'
[16:22:27.842] [bmv2] [D] [thread 6818] Dumping entry 0
Match key:
* hdr.dpint.task      : EXACT     0001
Action entry: DpintIngress.ctl_DpintControl.write_task_2_value - 1,

[16:22:27.842] [bmv2] [T] [thread 6818] bm_table_add_entry
[16:22:27.842] [bmv2] [D] [thread 6818] Entry 1 added to table 'DpintIngress.ctl_DpintControl.tbl_do_telemetry_level_0'
[16:22:27.842] [bmv2] [D] [thread 6818] Dumping entry 1
Match key:
* hdr.dpint.task      : EXACT     0002
Action entry: DpintIngress.ctl_DpintControl.write_task_2_value - 2,

[16:22:27.842] [bmv2] [T] [thread 6818] bm_table_add_entry
[16:22:27.842] [bmv2] [D] [thread 6818] Entry 2 added to table 'DpintIngress.ctl_DpintControl.tbl_do_telemetry_level_0'
[16:22:27.842] [bmv2] [D] [thread 6818] Dumping entry 2
Match key:
* hdr.dpint.task      : EXACT     0003
Action entry: DpintIngress.ctl_DpintControl.write_task_2_value - 3,

[16:22:27.842] [bmv2] [T] [thread 6818] bm_table_add_entry
[16:22:27.842] [bmv2] [D] [thread 6818] Entry 0 added to table 'DpintIngress.tbl_forward'
[16:22:27.842] [bmv2] [D] [thread 6818] Dumping entry 0
Match key:
* hdr.ipv4.dstAddr    : EXACT     0a000000
Action entry: DpintIngress.forward - 2,

[16:22:27.843] [bmv2] [T] [thread 6818] bm_table_add_entry
[16:22:27.843] [bmv2] [D] [thread 6818] Entry 1 added to table 'DpintIngress.tbl_forward'
[16:22:27.843] [bmv2] [D] [thread 6818] Dumping entry 1
Match key:
* hdr.ipv4.dstAddr    : EXACT     0a000001
Action entry: DpintIngress.forward - 1,

[16:22:27.843] [bmv2] [T] [thread 6818] bm_table_add_entry
[16:22:27.843] [bmv2] [D] [thread 6818] Entry 2 added to table 'DpintIngress.tbl_forward'
[16:22:27.843] [bmv2] [D] [thread 6818] Dumping entry 2
Match key:
* hdr.ipv4.dstAddr    : EXACT     0a000002
Action entry: DpintIngress.forward - 2,

[16:22:27.843] [bmv2] [T] [thread 6818] bm_table_add_entry
[16:22:27.843] [bmv2] [D] [thread 6818] Entry 0 added to table 'DpintIngress.tbl_ttl_rules'
[16:22:27.843] [bmv2] [D] [thread 6818] Dumping entry 0
Match key:
* hdr.dpint.hop       : EXACT     0001
Action entry: DpintIngress.get_approximation - 186a0,

[16:22:27.844] [bmv2] [T] [thread 6818] bm_table_add_entry
[16:22:27.844] [bmv2] [D] [thread 6818] Entry 1 added to table 'DpintIngress.tbl_ttl_rules'
[16:22:27.844] [bmv2] [D] [thread 6818] Dumping entry 1
Match key:
* hdr.dpint.hop       : EXACT     0002
Action entry: DpintIngress.get_approximation - c350,

[16:22:27.844] [bmv2] [T] [thread 6818] bm_table_add_entry
[16:22:27.844] [bmv2] [D] [thread 6818] Entry 2 added to table 'DpintIngress.tbl_ttl_rules'
[16:22:27.844] [bmv2] [D] [thread 6818] Dumping entry 2
Match key:
* hdr.dpint.hop       : EXACT     0003
Action entry: DpintIngress.get_approximation - 8235,

[16:22:27.844] [bmv2] [T] [thread 6818] bm_table_add_entry
[16:22:27.844] [bmv2] [D] [thread 6818] Entry 3 added to table 'DpintIngress.tbl_ttl_rules'
[16:22:27.844] [bmv2] [D] [thread 6818] Dumping entry 3
Match key:
* hdr.dpint.hop       : EXACT     0004
Action entry: DpintIngress.get_approximation - 61a8,

[16:22:27.844] [bmv2] [T] [thread 6818] bm_table_add_entry
[16:22:27.844] [bmv2] [D] [thread 6818] Entry 4 added to table 'DpintIngress.tbl_ttl_rules'
[16:22:27.845] [bmv2] [D] [thread 6818] Dumping entry 4
Match key:
* hdr.dpint.hop       : EXACT     0005
Action entry: DpintIngress.get_approximation - 4e20,

[16:22:27.845] [bmv2] [T] [thread 6818] bm_table_add_entry
[16:22:27.845] [bmv2] [D] [thread 6818] Entry 5 added to table 'DpintIngress.tbl_ttl_rules'
[16:22:27.845] [bmv2] [D] [thread 6818] Dumping entry 5
Match key:
* hdr.dpint.hop       : EXACT     0006
Action entry: DpintIngress.get_approximation - 411a,

[16:22:27.845] [bmv2] [T] [thread 6818] bm_table_add_entry
[16:22:27.845] [bmv2] [D] [thread 6818] Entry 6 added to table 'DpintIngress.tbl_ttl_rules'
[16:22:27.845] [bmv2] [D] [thread 6818] Dumping entry 6
Match key:
* hdr.dpint.hop       : EXACT     0007
Action entry: DpintIngress.get_approximation - 37cd,

[16:22:27.845] [bmv2] [T] [thread 6818] bm_table_add_entry
[16:22:27.845] [bmv2] [D] [thread 6818] Entry 7 added to table 'DpintIngress.tbl_ttl_rules'
[16:22:27.845] [bmv2] [D] [thread 6818] Dumping entry 7
Match key:
* hdr.dpint.hop       : EXACT     0008
Action entry: DpintIngress.get_approximation - 30d4,

[16:22:27.846] [bmv2] [T] [thread 6818] bm_table_add_entry
[16:22:27.846] [bmv2] [D] [thread 6818] Entry 8 added to table 'DpintIngress.tbl_ttl_rules'
[16:22:27.846] [bmv2] [D] [thread 6818] Dumping entry 8
Match key:
* hdr.dpint.hop       : EXACT     0009
Action entry: DpintIngress.get_approximation - 2b67,

open: No such file or directory
open: No such file or directory
open: No such file or directory
open: No such file or directory
open: No such file or directory
open: No such file or directory
open: No such file or directory
open: No such file or directory
open: No such file or directory
open: No such file or directory
open: No such file or directory
open: No such file or directory
