Calling target program-options parser
[16:22:27.514] [bmv2] [D] [thread 6759] Set default default entry for table 'tbl_batch246': batch246 - 
[16:22:27.514] [bmv2] [D] [thread 6759] Set default default entry for table 'tbl_add_dpint_header': DpintIngress.add_dpint_header - 
[16:22:27.514] [bmv2] [D] [thread 6759] Set default default entry for table 'tbl_batch256': batch256 - 
[16:22:27.514] [bmv2] [D] [thread 6759] Set default default entry for table 'tbl_batch259': batch259 - 
[16:22:27.514] [bmv2] [D] [thread 6759] Set default default entry for table 'tbl_batch265': batch265 - 
[16:22:27.514] [bmv2] [D] [thread 6759] Set default default entry for table 'DpintIngress.ctl_source_control.tbl_determine_task': NoAction - 
[16:22:27.514] [bmv2] [D] [thread 6759] Set default default entry for table 'DpintIngress.tbl_forward': NoAction - 
[16:22:27.514] [bmv2] [D] [thread 6759] Set default default entry for table 'DpintIngress.tbl_ttl_rules': NoAction - 
[16:22:27.514] [bmv2] [D] [thread 6759] Set default default entry for table 'tbl_batch275': batch275 - 
[16:22:27.514] [bmv2] [D] [thread 6759] Set default default entry for table 'DpintIngress.ctl_DpintControl.tbl_do_telemetry_level_0': NoAction - 
Adding interface s2-eth1 as port 1
[16:22:27.515] [bmv2] [D] [thread 6759] Adding interface s2-eth1 as port 1
Adding interface s2-eth2 as port 2
[16:22:27.573] [bmv2] [D] [thread 6759] Adding interface s2-eth2 as port 2
[16:22:27.637] [bmv2] [I] [thread 6759] Starting Thrift server on port 9092
[16:22:27.637] [bmv2] [I] [thread 6759] Thrift server was started
[16:22:27.916] [bmv2] [T] [thread 6820] bm_get_config
[16:22:27.918] [bmv2] [T] [thread 6820] bm_mt_clear_entries
[16:22:27.918] [bmv2] [T] [thread 6820] bm_mt_clear_entries
[16:22:27.918] [bmv2] [T] [thread 6820] bm_mt_clear_entries
[16:22:27.918] [bmv2] [T] [thread 6820] bm_mt_clear_entries
[16:22:27.919] [bmv2] [T] [thread 6820] bm_table_add_entry
[16:22:27.919] [bmv2] [D] [thread 6820] Entry 0 added to table 'DpintIngress.ctl_DpintControl.tbl_do_telemetry_level_0'
[16:22:27.919] [bmv2] [D] [thread 6820] Dumping entry 0
Match key:
* hdr.dpint.task      : EXACT     0001
Action entry: DpintIngress.ctl_DpintControl.write_task_3_value - 1,

[16:22:27.919] [bmv2] [T] [thread 6820] bm_table_add_entry
[16:22:27.919] [bmv2] [D] [thread 6820] Entry 1 added to table 'DpintIngress.ctl_DpintControl.tbl_do_telemetry_level_0'
[16:22:27.919] [bmv2] [D] [thread 6820] Dumping entry 1
Match key:
* hdr.dpint.task      : EXACT     0002
Action entry: DpintIngress.ctl_DpintControl.write_task_3_value - 2,

[16:22:27.919] [bmv2] [T] [thread 6820] bm_table_add_entry
[16:22:27.919] [bmv2] [D] [thread 6820] Entry 2 added to table 'DpintIngress.ctl_DpintControl.tbl_do_telemetry_level_0'
[16:22:27.919] [bmv2] [D] [thread 6820] Dumping entry 2
Match key:
* hdr.dpint.task      : EXACT     0003
Action entry: DpintIngress.ctl_DpintControl.write_task_3_value - 3,

[16:22:27.919] [bmv2] [T] [thread 6820] bm_table_add_entry
[16:22:27.920] [bmv2] [D] [thread 6820] Entry 0 added to table 'DpintIngress.tbl_forward'
[16:22:27.920] [bmv2] [D] [thread 6820] Dumping entry 0
Match key:
* hdr.ipv4.dstAddr    : EXACT     0a000000
Action entry: DpintIngress.forward - 2,

[16:22:27.920] [bmv2] [T] [thread 6820] bm_table_add_entry
[16:22:27.920] [bmv2] [D] [thread 6820] Entry 1 added to table 'DpintIngress.tbl_forward'
[16:22:27.920] [bmv2] [D] [thread 6820] Dumping entry 1
Match key:
* hdr.ipv4.dstAddr    : EXACT     0a000001
Action entry: DpintIngress.forward - 2,

[16:22:27.920] [bmv2] [T] [thread 6820] bm_table_add_entry
[16:22:27.920] [bmv2] [D] [thread 6820] Entry 2 added to table 'DpintIngress.tbl_forward'
[16:22:27.920] [bmv2] [D] [thread 6820] Dumping entry 2
Match key:
* hdr.ipv4.dstAddr    : EXACT     0a000002
Action entry: DpintIngress.forward - 1,

[16:22:27.920] [bmv2] [T] [thread 6820] bm_table_add_entry
[16:22:27.920] [bmv2] [D] [thread 6820] Entry 0 added to table 'DpintIngress.tbl_ttl_rules'
[16:22:27.920] [bmv2] [D] [thread 6820] Dumping entry 0
Match key:
* hdr.dpint.hop       : EXACT     0001
Action entry: DpintIngress.get_approximation - 186a0,

[16:22:27.921] [bmv2] [T] [thread 6820] bm_table_add_entry
[16:22:27.921] [bmv2] [D] [thread 6820] Entry 1 added to table 'DpintIngress.tbl_ttl_rules'
[16:22:27.921] [bmv2] [D] [thread 6820] Dumping entry 1
Match key:
* hdr.dpint.hop       : EXACT     0002
Action entry: DpintIngress.get_approximation - c350,

[16:22:27.921] [bmv2] [T] [thread 6820] bm_table_add_entry
[16:22:27.921] [bmv2] [D] [thread 6820] Entry 2 added to table 'DpintIngress.tbl_ttl_rules'
[16:22:27.921] [bmv2] [D] [thread 6820] Dumping entry 2
Match key:
* hdr.dpint.hop       : EXACT     0003
Action entry: DpintIngress.get_approximation - 8235,

[16:22:27.921] [bmv2] [T] [thread 6820] bm_table_add_entry
[16:22:27.921] [bmv2] [D] [thread 6820] Entry 3 added to table 'DpintIngress.tbl_ttl_rules'
[16:22:27.921] [bmv2] [D] [thread 6820] Dumping entry 3
Match key:
* hdr.dpint.hop       : EXACT     0004
Action entry: DpintIngress.get_approximation - 61a8,

[16:22:27.922] [bmv2] [T] [thread 6820] bm_table_add_entry
[16:22:27.922] [bmv2] [D] [thread 6820] Entry 4 added to table 'DpintIngress.tbl_ttl_rules'
[16:22:27.922] [bmv2] [D] [thread 6820] Dumping entry 4
Match key:
* hdr.dpint.hop       : EXACT     0005
Action entry: DpintIngress.get_approximation - 4e20,

[16:22:27.922] [bmv2] [T] [thread 6820] bm_table_add_entry
[16:22:27.922] [bmv2] [D] [thread 6820] Entry 5 added to table 'DpintIngress.tbl_ttl_rules'
[16:22:27.922] [bmv2] [D] [thread 6820] Dumping entry 5
Match key:
* hdr.dpint.hop       : EXACT     0006
Action entry: DpintIngress.get_approximation - 411a,

[16:22:27.922] [bmv2] [T] [thread 6820] bm_table_add_entry
[16:22:27.922] [bmv2] [D] [thread 6820] Entry 6 added to table 'DpintIngress.tbl_ttl_rules'
[16:22:27.922] [bmv2] [D] [thread 6820] Dumping entry 6
Match key:
* hdr.dpint.hop       : EXACT     0007
Action entry: DpintIngress.get_approximation - 37cd,

[16:22:27.923] [bmv2] [T] [thread 6820] bm_table_add_entry
[16:22:27.923] [bmv2] [D] [thread 6820] Entry 7 added to table 'DpintIngress.tbl_ttl_rules'
[16:22:27.923] [bmv2] [D] [thread 6820] Dumping entry 7
Match key:
* hdr.dpint.hop       : EXACT     0008
Action entry: DpintIngress.get_approximation - 30d4,

[16:22:27.923] [bmv2] [T] [thread 6820] bm_table_add_entry
[16:22:27.923] [bmv2] [D] [thread 6820] Entry 8 added to table 'DpintIngress.tbl_ttl_rules'
[16:22:27.923] [bmv2] [D] [thread 6820] Dumping entry 8
Match key:
* hdr.dpint.hop       : EXACT     0009
Action entry: DpintIngress.get_approximation - 2b67,

open: No such file or directory
open: No such file or directory
open: No such file or directory
open: No such file or directory
open: No such file or directory
open: No such file or directory
open: No such file or directory
open: No such file or directory
open: No such file or directory
open: No such file or directory
open: No such file or directory
open: No such file or directory
open: No such file or directory
open: No such file or directory
open: No such file or directory
open: No such file or directory
open: No such file or directory
open: No such file or directory
